{"uuid":"af6ede60-70a3-49fa-ac84-a7bfc597f657","historyId":"4084c040815b5d15be26668b49d6a48f","fullName":"src/test/resources/features/app/android/HomePage.feature:5","labels":[{"name":"tag","value":"android"},{"name":"tag","value":"final"},{"name":"host","value":"DESKTOP-RPM424J"},{"name":"thread","value":"16252@DESKTOP-RPM424J.main(1)"},{"name":"feature","value":"Home Page Testing App"},{"name":"story","value":"Verify the version code and version name display on home page"},{"name":"suite","value":"Home Page Testing App"},{"name":"testClass","value":"Verify the version code and version name display on home page"},{"name":"framework","value":"cucumber4jvm"},{"name":"language","value":"java"},{"name":"gherkin_uri","value":"file:///C:/Users/zubai/OneDrive/Desktop/Appium-demo/src/test/resources/features/app/android/HomePage.feature"},{"name":"package","value":"src.test.resources.features.app.android.HomePage_feature.Home Page Testing App"}],"links":[],"name":"Verify the version code and version name display on home page","status":"broken","statusDetails":{"known":false,"muted":false,"flaky":false,"message":"An element could not be located on the page using the given search parameters.\nFor documentation on this error, please visit: https://www.seleniumhq.org/exceptions/no_such_element.html\nBuild info: version: '3.141.59', revision: 'e82be7d358', time: '2018-11-14T08:17:03'\nSystem info: host: 'DESKTOP-RPM424J', ip: '192.168.1.8', os.name: 'Windows 11', os.arch: 'amd64', os.version: '10.0', java.version: '20.0.1'\nDriver info: io.appium.java_client.android.AndroidDriver\nCapabilities {acceptInsecureCerts: true, app: C:\\Users\\zubai\\OneDrive\\Des..., appPackage: com.clearwellness.caregiver, autoGrantPermissions: true, automationName: Appium, databaseEnabled: false, desired: {acceptInsecureCerts: true, app: C:\\Users\\zubai\\OneDrive\\Des..., autoGrantPermissions: true, automationName: Appium, deviceName: Samsung, fullReset: true, noReset: false, platformName: android, platformVersion: 11}, deviceApiLevel: 30, deviceManufacturer: INFINIX MOBILITY LIMITED, deviceModel: Infinix X697, deviceName: 07565251BG000839, deviceScreenDensity: 480, deviceScreenSize: 1080x2460, deviceUDID: 07565251BG000839, fullReset: true, javascriptEnabled: true, locationContextEnabled: false, networkConnectionEnabled: true, noReset: false, pixelRatio: 3, platform: LINUX, platformName: Android, platformVersion: 11, statBarHeight: 108, takesScreenshot: true, viewportRect: {height: 2100, left: 0, top: 108, width: 1080}, warnings: {}, webStorageEnabled: false}\nSession ID: a024e221-3e05-45df-b193-8f62b035c73e\n*** Element info: {Using=accessibility id, value=//android.widget.TextView[@text=\"Select Environment\"]}","trace":"org.openqa.selenium.NoSuchElementException: An element could not be located on the page using the given search parameters.\nFor documentation on this error, please visit: https://www.seleniumhq.org/exceptions/no_such_element.html\nBuild info: version: '3.141.59', revision: 'e82be7d358', time: '2018-11-14T08:17:03'\nSystem info: host: 'DESKTOP-RPM424J', ip: '192.168.1.8', os.name: 'Windows 11', os.arch: 'amd64', os.version: '10.0', java.version: '20.0.1'\nDriver info: io.appium.java_client.android.AndroidDriver\nCapabilities {acceptInsecureCerts: true, app: C:\\Users\\zubai\\OneDrive\\Des..., appPackage: com.clearwellness.caregiver, autoGrantPermissions: true, automationName: Appium, databaseEnabled: false, desired: {acceptInsecureCerts: true, app: C:\\Users\\zubai\\OneDrive\\Des..., autoGrantPermissions: true, automationName: Appium, deviceName: Samsung, fullReset: true, noReset: false, platformName: android, platformVersion: 11}, deviceApiLevel: 30, deviceManufacturer: INFINIX MOBILITY LIMITED, deviceModel: Infinix X697, deviceName: 07565251BG000839, deviceScreenDensity: 480, deviceScreenSize: 1080x2460, deviceUDID: 07565251BG000839, fullReset: true, javascriptEnabled: true, locationContextEnabled: false, networkConnectionEnabled: true, noReset: false, pixelRatio: 3, platform: LINUX, platformName: Android, platformVersion: 11, statBarHeight: 108, takesScreenshot: true, viewportRect: {height: 2100, left: 0, top: 108, width: 1080}, warnings: {}, webStorageEnabled: false}\nSession ID: a024e221-3e05-45df-b193-8f62b035c73e\n*** Element info: {Using=accessibility id, value=//android.widget.TextView[@text=\"Select Environment\"]}\r\n\tat java.base/jdk.internal.reflect.DirectConstructorHandleAccessor.newInstance(DirectConstructorHandleAccessor.java:67)\r\n\tat java.base/java.lang.reflect.Constructor.newInstanceWithCaller(Constructor.java:500)\r\n\tat java.base/java.lang.reflect.Constructor.newInstance(Constructor.java:484)\r\n\tat org.openqa.selenium.remote.http.W3CHttpResponseCodec.createException(W3CHttpResponseCodec.java:187)\r\n\tat org.openqa.selenium.remote.http.W3CHttpResponseCodec.decode(W3CHttpResponseCodec.java:122)\r\n\tat org.openqa.selenium.remote.http.W3CHttpResponseCodec.decode(W3CHttpResponseCodec.java:49)\r\n\tat org.openqa.selenium.remote.HttpCommandExecutor.execute(HttpCommandExecutor.java:158)\r\n\tat io.appium.java_client.remote.AppiumCommandExecutor.execute(AppiumCommandExecutor.java:250)\r\n\tat org.openqa.selenium.remote.RemoteWebDriver.execute(RemoteWebDriver.java:552)\r\n\tat io.appium.java_client.DefaultGenericMobileDriver.execute(DefaultGenericMobileDriver.java:41)\r\n\tat io.appium.java_client.AppiumDriver.execute(AppiumDriver.java:1)\r\n\tat io.appium.java_client.android.AndroidDriver.execute(AndroidDriver.java:1)\r\n\tat org.openqa.selenium.remote.RemoteWebDriver.findElement(RemoteWebDriver.java:323)\r\n\tat io.appium.java_client.DefaultGenericMobileDriver.findElement(DefaultGenericMobileDriver.java:61)\r\n\tat io.appium.java_client.AppiumDriver.findElement(AppiumDriver.java:1)\r\n\tat io.appium.java_client.android.AndroidDriver.findElement(AndroidDriver.java:1)\r\n\tat io.appium.java_client.FindsByAccessibilityId.findElementByAccessibilityId(FindsByAccessibilityId.java:37)\r\n\tat pages.android.HomePage.Env_screen(HomePage.java:58)\r\n\tat step_defination.Android.HomeSteps.UserseeEnvScreen(HomeSteps.java:59)\r\n\tat ✽.User should see Select Environment screen(file:///C:/Users/zubai/OneDrive/Desktop/Appium-demo/src/test/resources/features/app/android/HomePage.feature:12)\r\n"},"stage":"finished","steps":[{"name":"Given  App should open successfully","status":"passed","statusDetails":{"known":false,"muted":false,"flaky":false},"stage":"finished","steps":[],"attachments":[],"parameters":[],"start":1736868537292,"stop":1736868538561},{"name":"When  User taps on Email field","status":"passed","statusDetails":{"known":false,"muted":false,"flaky":false},"stage":"finished","steps":[],"attachments":[],"parameters":[],"start":1736868538562,"stop":1736868539409},{"name":"And  User enters \"0000\" in email field","status":"passed","statusDetails":{"known":false,"muted":false,"flaky":false},"stage":"finished","steps":[],"attachments":[],"parameters":[],"start":1736868539409,"stop":1736868541371},{"name":"And  User taps on Password field","status":"passed","statusDetails":{"known":false,"muted":false,"flaky":false},"stage":"finished","steps":[],"attachments":[],"parameters":[],"start":1736868541372,"stop":1736868542706},{"name":"And  User enters \"Cl3@rC@pt10ns!\" in password field","status":"passed","statusDetails":{"known":false,"muted":false,"flaky":false},"stage":"finished","steps":[],"attachments":[],"parameters":[],"start":1736868542707,"stop":1736868544061},{"name":"And  User taps on Signin button","status":"passed","statusDetails":{"known":false,"muted":false,"flaky":false},"stage":"finished","steps":[],"attachments":[],"parameters":[],"start":1736868544062,"stop":1736868544883},{"name":"Then  User should see Select Environment screen","status":"broken","statusDetails":{"known":false,"muted":false,"flaky":false,"message":"An element could not be located on the page using the given search parameters.\nFor documentation on this error, please visit: https://www.seleniumhq.org/exceptions/no_such_element.html\nBuild info: version: '3.141.59', revision: 'e82be7d358', time: '2018-11-14T08:17:03'\nSystem info: host: 'DESKTOP-RPM424J', ip: '192.168.1.8', os.name: 'Windows 11', os.arch: 'amd64', os.version: '10.0', java.version: '20.0.1'\nDriver info: io.appium.java_client.android.AndroidDriver\nCapabilities {acceptInsecureCerts: true, app: C:\\Users\\zubai\\OneDrive\\Des..., appPackage: com.clearwellness.caregiver, autoGrantPermissions: true, automationName: Appium, databaseEnabled: false, desired: {acceptInsecureCerts: true, app: C:\\Users\\zubai\\OneDrive\\Des..., autoGrantPermissions: true, automationName: Appium, deviceName: Samsung, fullReset: true, noReset: false, platformName: android, platformVersion: 11}, deviceApiLevel: 30, deviceManufacturer: INFINIX MOBILITY LIMITED, deviceModel: Infinix X697, deviceName: 07565251BG000839, deviceScreenDensity: 480, deviceScreenSize: 1080x2460, deviceUDID: 07565251BG000839, fullReset: true, javascriptEnabled: true, locationContextEnabled: false, networkConnectionEnabled: true, noReset: false, pixelRatio: 3, platform: LINUX, platformName: Android, platformVersion: 11, statBarHeight: 108, takesScreenshot: true, viewportRect: {height: 2100, left: 0, top: 108, width: 1080}, warnings: {}, webStorageEnabled: false}\nSession ID: a024e221-3e05-45df-b193-8f62b035c73e\n*** Element info: {Using=accessibility id, value=//android.widget.TextView[@text=\"Select Environment\"]}","trace":"org.openqa.selenium.NoSuchElementException: An element could not be located on the page using the given search parameters.\nFor documentation on this error, please visit: https://www.seleniumhq.org/exceptions/no_such_element.html\nBuild info: version: '3.141.59', revision: 'e82be7d358', time: '2018-11-14T08:17:03'\nSystem info: host: 'DESKTOP-RPM424J', ip: '192.168.1.8', os.name: 'Windows 11', os.arch: 'amd64', os.version: '10.0', java.version: '20.0.1'\nDriver info: io.appium.java_client.android.AndroidDriver\nCapabilities {acceptInsecureCerts: true, app: C:\\Users\\zubai\\OneDrive\\Des..., appPackage: com.clearwellness.caregiver, autoGrantPermissions: true, automationName: Appium, databaseEnabled: false, desired: {acceptInsecureCerts: true, app: C:\\Users\\zubai\\OneDrive\\Des..., autoGrantPermissions: true, automationName: Appium, deviceName: Samsung, fullReset: true, noReset: false, platformName: android, platformVersion: 11}, deviceApiLevel: 30, deviceManufacturer: INFINIX MOBILITY LIMITED, deviceModel: Infinix X697, deviceName: 07565251BG000839, deviceScreenDensity: 480, deviceScreenSize: 1080x2460, deviceUDID: 07565251BG000839, fullReset: true, javascriptEnabled: true, locationContextEnabled: false, networkConnectionEnabled: true, noReset: false, pixelRatio: 3, platform: LINUX, platformName: Android, platformVersion: 11, statBarHeight: 108, takesScreenshot: true, viewportRect: {height: 2100, left: 0, top: 108, width: 1080}, warnings: {}, webStorageEnabled: false}\nSession ID: a024e221-3e05-45df-b193-8f62b035c73e\n*** Element info: {Using=accessibility id, value=//android.widget.TextView[@text=\"Select Environment\"]}\r\n\tat java.base/jdk.internal.reflect.DirectConstructorHandleAccessor.newInstance(DirectConstructorHandleAccessor.java:67)\r\n\tat java.base/java.lang.reflect.Constructor.newInstanceWithCaller(Constructor.java:500)\r\n\tat java.base/java.lang.reflect.Constructor.newInstance(Constructor.java:484)\r\n\tat org.openqa.selenium.remote.http.W3CHttpResponseCodec.createException(W3CHttpResponseCodec.java:187)\r\n\tat org.openqa.selenium.remote.http.W3CHttpResponseCodec.decode(W3CHttpResponseCodec.java:122)\r\n\tat org.openqa.selenium.remote.http.W3CHttpResponseCodec.decode(W3CHttpResponseCodec.java:49)\r\n\tat org.openqa.selenium.remote.HttpCommandExecutor.execute(HttpCommandExecutor.java:158)\r\n\tat io.appium.java_client.remote.AppiumCommandExecutor.execute(AppiumCommandExecutor.java:250)\r\n\tat org.openqa.selenium.remote.RemoteWebDriver.execute(RemoteWebDriver.java:552)\r\n\tat io.appium.java_client.DefaultGenericMobileDriver.execute(DefaultGenericMobileDriver.java:41)\r\n\tat io.appium.java_client.AppiumDriver.execute(AppiumDriver.java:1)\r\n\tat io.appium.java_client.android.AndroidDriver.execute(AndroidDriver.java:1)\r\n\tat org.openqa.selenium.remote.RemoteWebDriver.findElement(RemoteWebDriver.java:323)\r\n\tat io.appium.java_client.DefaultGenericMobileDriver.findElement(DefaultGenericMobileDriver.java:61)\r\n\tat io.appium.java_client.AppiumDriver.findElement(AppiumDriver.java:1)\r\n\tat io.appium.java_client.android.AndroidDriver.findElement(AndroidDriver.java:1)\r\n\tat io.appium.java_client.FindsByAccessibilityId.findElementByAccessibilityId(FindsByAccessibilityId.java:37)\r\n\tat pages.android.HomePage.Env_screen(HomePage.java:58)\r\n\tat step_defination.Android.HomeSteps.UserseeEnvScreen(HomeSteps.java:59)\r\n\tat ✽.User should see Select Environment screen(file:///C:/Users/zubai/OneDrive/Desktop/Appium-demo/src/test/resources/features/app/android/HomePage.feature:12)\r\n"},"stage":"finished","steps":[],"attachments":[],"parameters":[],"start":1736868544884,"stop":1736868574930},{"name":"When  User taps on Production","status":"skipped","statusDetails":{"known":false,"muted":false,"flaky":false},"stage":"finished","steps":[],"attachments":[],"parameters":[],"start":1736868574934,"stop":1736868574937},{"name":"And  User taps on Save button","status":"skipped","statusDetails":{"known":false,"muted":false,"flaky":false},"stage":"finished","steps":[],"attachments":[],"parameters":[],"start":1736868574938,"stop":1736868574939}],"attachments":[],"parameters":[],"start":1736868519033,"stop":1736868577862}