{"uuid":"d2c7cda6-0755-4c39-8bf6-399ff3ca4c15","historyId":"4084c040815b5d15be26668b49d6a48f","fullName":"src/test/resources/features/app/android/HomePage.feature:5","labels":[{"name":"tag","value":"android"},{"name":"tag","value":"final"},{"name":"host","value":"DESKTOP-RPM424J"},{"name":"thread","value":"32060@DESKTOP-RPM424J.main(1)"},{"name":"feature","value":"Home Page Testing App"},{"name":"story","value":"Verify the version code and version name display on home page"},{"name":"suite","value":"Home Page Testing App"},{"name":"testClass","value":"Verify the version code and version name display on home page"},{"name":"framework","value":"cucumber4jvm"},{"name":"language","value":"java"},{"name":"gherkin_uri","value":"file:///C:/Users/zubai/OneDrive/Desktop/Appium-demo/src/test/resources/features/app/android/HomePage.feature"},{"name":"package","value":"src.test.resources.features.app.android.HomePage_feature.Home Page Testing App"}],"links":[],"name":"Verify the version code and version name display on home page","status":"broken","statusDetails":{"known":false,"muted":false,"flaky":false,"message":"An element could not be located on the page using the given search parameters.\nFor documentation on this error, please visit: https://www.seleniumhq.org/exceptions/no_such_element.html\nBuild info: version: '3.141.59', revision: 'e82be7d358', time: '2018-11-14T08:17:03'\nSystem info: host: 'DESKTOP-RPM424J', ip: '192.168.1.8', os.name: 'Windows 11', os.arch: 'amd64', os.version: '10.0', java.version: '20.0.1'\nDriver info: io.appium.java_client.android.AndroidDriver\nCapabilities {acceptInsecureCerts: true, app: C:\\Users\\zubai\\OneDrive\\Des..., appPackage: com.clearwellness.caregiver, autoGrantPermissions: true, automationName: Appium, databaseEnabled: false, desired: {acceptInsecureCerts: true, app: C:\\Users\\zubai\\OneDrive\\Des..., autoGrantPermissions: true, automationName: Appium, deviceName: Samsung, fullReset: true, noReset: false, platformName: android, platformVersion: 11}, deviceApiLevel: 30, deviceManufacturer: INFINIX MOBILITY LIMITED, deviceModel: Infinix X697, deviceName: 07565251BG000839, deviceScreenDensity: 480, deviceScreenSize: 1080x2460, deviceUDID: 07565251BG000839, fullReset: true, javascriptEnabled: true, locationContextEnabled: false, networkConnectionEnabled: true, noReset: false, pixelRatio: 3, platform: LINUX, platformName: Android, platformVersion: 11, statBarHeight: 108, takesScreenshot: true, viewportRect: {height: 2100, left: 0, top: 108, width: 1080}, warnings: {}, webStorageEnabled: false}\nSession ID: f4144d7a-3901-471d-abf4-cc2ff0cfe117\n*** Element info: {Using=accessibility id, value=//android.widget.TextView[@text='Production']}","trace":"org.openqa.selenium.NoSuchElementException: An element could not be located on the page using the given search parameters.\nFor documentation on this error, please visit: https://www.seleniumhq.org/exceptions/no_such_element.html\nBuild info: version: '3.141.59', revision: 'e82be7d358', time: '2018-11-14T08:17:03'\nSystem info: host: 'DESKTOP-RPM424J', ip: '192.168.1.8', os.name: 'Windows 11', os.arch: 'amd64', os.version: '10.0', java.version: '20.0.1'\nDriver info: io.appium.java_client.android.AndroidDriver\nCapabilities {acceptInsecureCerts: true, app: C:\\Users\\zubai\\OneDrive\\Des..., appPackage: com.clearwellness.caregiver, autoGrantPermissions: true, automationName: Appium, databaseEnabled: false, desired: {acceptInsecureCerts: true, app: C:\\Users\\zubai\\OneDrive\\Des..., autoGrantPermissions: true, automationName: Appium, deviceName: Samsung, fullReset: true, noReset: false, platformName: android, platformVersion: 11}, deviceApiLevel: 30, deviceManufacturer: INFINIX MOBILITY LIMITED, deviceModel: Infinix X697, deviceName: 07565251BG000839, deviceScreenDensity: 480, deviceScreenSize: 1080x2460, deviceUDID: 07565251BG000839, fullReset: true, javascriptEnabled: true, locationContextEnabled: false, networkConnectionEnabled: true, noReset: false, pixelRatio: 3, platform: LINUX, platformName: Android, platformVersion: 11, statBarHeight: 108, takesScreenshot: true, viewportRect: {height: 2100, left: 0, top: 108, width: 1080}, warnings: {}, webStorageEnabled: false}\nSession ID: f4144d7a-3901-471d-abf4-cc2ff0cfe117\n*** Element info: {Using=accessibility id, value=//android.widget.TextView[@text='Production']}\r\n\tat java.base/jdk.internal.reflect.DirectConstructorHandleAccessor.newInstance(DirectConstructorHandleAccessor.java:67)\r\n\tat java.base/java.lang.reflect.Constructor.newInstanceWithCaller(Constructor.java:500)\r\n\tat java.base/java.lang.reflect.Constructor.newInstance(Constructor.java:484)\r\n\tat org.openqa.selenium.remote.http.W3CHttpResponseCodec.createException(W3CHttpResponseCodec.java:187)\r\n\tat org.openqa.selenium.remote.http.W3CHttpResponseCodec.decode(W3CHttpResponseCodec.java:122)\r\n\tat org.openqa.selenium.remote.http.W3CHttpResponseCodec.decode(W3CHttpResponseCodec.java:49)\r\n\tat org.openqa.selenium.remote.HttpCommandExecutor.execute(HttpCommandExecutor.java:158)\r\n\tat io.appium.java_client.remote.AppiumCommandExecutor.execute(AppiumCommandExecutor.java:250)\r\n\tat org.openqa.selenium.remote.RemoteWebDriver.execute(RemoteWebDriver.java:552)\r\n\tat io.appium.java_client.DefaultGenericMobileDriver.execute(DefaultGenericMobileDriver.java:41)\r\n\tat io.appium.java_client.AppiumDriver.execute(AppiumDriver.java:1)\r\n\tat io.appium.java_client.android.AndroidDriver.execute(AndroidDriver.java:1)\r\n\tat org.openqa.selenium.remote.RemoteWebDriver.findElement(RemoteWebDriver.java:323)\r\n\tat io.appium.java_client.DefaultGenericMobileDriver.findElement(DefaultGenericMobileDriver.java:61)\r\n\tat io.appium.java_client.AppiumDriver.findElement(AppiumDriver.java:1)\r\n\tat io.appium.java_client.android.AndroidDriver.findElement(AndroidDriver.java:1)\r\n\tat io.appium.java_client.FindsByAccessibilityId.findElementByAccessibilityId(FindsByAccessibilityId.java:37)\r\n\tat pages.android.HomePage.production_btn(HomePage.java:62)\r\n\tat step_defination.Android.HomeSteps.tapsonproduction(HomeSteps.java:65)\r\n\tat ✽.User taps on Production(file:///C:/Users/zubai/OneDrive/Desktop/Appium-demo/src/test/resources/features/app/android/HomePage.feature:13)\r\n"},"stage":"finished","steps":[{"name":"Given  App should open successfully","status":"passed","statusDetails":{"known":false,"muted":false,"flaky":false},"stage":"finished","steps":[],"attachments":[],"parameters":[],"start":1736869996198,"stop":1736869997742},{"name":"When  User taps on Email field","status":"passed","statusDetails":{"known":false,"muted":false,"flaky":false},"stage":"finished","steps":[],"attachments":[],"parameters":[],"start":1736869997744,"stop":1736869998616},{"name":"And  User enters \"0000\" in email field","status":"passed","statusDetails":{"known":false,"muted":false,"flaky":false},"stage":"finished","steps":[],"attachments":[],"parameters":[],"start":1736869998617,"stop":1736869999993},{"name":"And  User taps on Password field","status":"passed","statusDetails":{"known":false,"muted":false,"flaky":false},"stage":"finished","steps":[],"attachments":[],"parameters":[],"start":1736869999993,"stop":1736870001765},{"name":"And  User enters \"Cl3@rC@pt10ns!\" in password field","status":"passed","statusDetails":{"known":false,"muted":false,"flaky":false},"stage":"finished","steps":[],"attachments":[],"parameters":[],"start":1736870001767,"stop":1736870003236},{"name":"And  User taps on Signin button","status":"passed","statusDetails":{"known":false,"muted":false,"flaky":false},"stage":"finished","steps":[],"attachments":[],"parameters":[],"start":1736870003239,"stop":1736870004782},{"name":"When  User taps on Production","status":"broken","statusDetails":{"known":false,"muted":false,"flaky":false,"message":"An element could not be located on the page using the given search parameters.\nFor documentation on this error, please visit: https://www.seleniumhq.org/exceptions/no_such_element.html\nBuild info: version: '3.141.59', revision: 'e82be7d358', time: '2018-11-14T08:17:03'\nSystem info: host: 'DESKTOP-RPM424J', ip: '192.168.1.8', os.name: 'Windows 11', os.arch: 'amd64', os.version: '10.0', java.version: '20.0.1'\nDriver info: io.appium.java_client.android.AndroidDriver\nCapabilities {acceptInsecureCerts: true, app: C:\\Users\\zubai\\OneDrive\\Des..., appPackage: com.clearwellness.caregiver, autoGrantPermissions: true, automationName: Appium, databaseEnabled: false, desired: {acceptInsecureCerts: true, app: C:\\Users\\zubai\\OneDrive\\Des..., autoGrantPermissions: true, automationName: Appium, deviceName: Samsung, fullReset: true, noReset: false, platformName: android, platformVersion: 11}, deviceApiLevel: 30, deviceManufacturer: INFINIX MOBILITY LIMITED, deviceModel: Infinix X697, deviceName: 07565251BG000839, deviceScreenDensity: 480, deviceScreenSize: 1080x2460, deviceUDID: 07565251BG000839, fullReset: true, javascriptEnabled: true, locationContextEnabled: false, networkConnectionEnabled: true, noReset: false, pixelRatio: 3, platform: LINUX, platformName: Android, platformVersion: 11, statBarHeight: 108, takesScreenshot: true, viewportRect: {height: 2100, left: 0, top: 108, width: 1080}, warnings: {}, webStorageEnabled: false}\nSession ID: f4144d7a-3901-471d-abf4-cc2ff0cfe117\n*** Element info: {Using=accessibility id, value=//android.widget.TextView[@text='Production']}","trace":"org.openqa.selenium.NoSuchElementException: An element could not be located on the page using the given search parameters.\nFor documentation on this error, please visit: https://www.seleniumhq.org/exceptions/no_such_element.html\nBuild info: version: '3.141.59', revision: 'e82be7d358', time: '2018-11-14T08:17:03'\nSystem info: host: 'DESKTOP-RPM424J', ip: '192.168.1.8', os.name: 'Windows 11', os.arch: 'amd64', os.version: '10.0', java.version: '20.0.1'\nDriver info: io.appium.java_client.android.AndroidDriver\nCapabilities {acceptInsecureCerts: true, app: C:\\Users\\zubai\\OneDrive\\Des..., appPackage: com.clearwellness.caregiver, autoGrantPermissions: true, automationName: Appium, databaseEnabled: false, desired: {acceptInsecureCerts: true, app: C:\\Users\\zubai\\OneDrive\\Des..., autoGrantPermissions: true, automationName: Appium, deviceName: Samsung, fullReset: true, noReset: false, platformName: android, platformVersion: 11}, deviceApiLevel: 30, deviceManufacturer: INFINIX MOBILITY LIMITED, deviceModel: Infinix X697, deviceName: 07565251BG000839, deviceScreenDensity: 480, deviceScreenSize: 1080x2460, deviceUDID: 07565251BG000839, fullReset: true, javascriptEnabled: true, locationContextEnabled: false, networkConnectionEnabled: true, noReset: false, pixelRatio: 3, platform: LINUX, platformName: Android, platformVersion: 11, statBarHeight: 108, takesScreenshot: true, viewportRect: {height: 2100, left: 0, top: 108, width: 1080}, warnings: {}, webStorageEnabled: false}\nSession ID: f4144d7a-3901-471d-abf4-cc2ff0cfe117\n*** Element info: {Using=accessibility id, value=//android.widget.TextView[@text='Production']}\r\n\tat java.base/jdk.internal.reflect.DirectConstructorHandleAccessor.newInstance(DirectConstructorHandleAccessor.java:67)\r\n\tat java.base/java.lang.reflect.Constructor.newInstanceWithCaller(Constructor.java:500)\r\n\tat java.base/java.lang.reflect.Constructor.newInstance(Constructor.java:484)\r\n\tat org.openqa.selenium.remote.http.W3CHttpResponseCodec.createException(W3CHttpResponseCodec.java:187)\r\n\tat org.openqa.selenium.remote.http.W3CHttpResponseCodec.decode(W3CHttpResponseCodec.java:122)\r\n\tat org.openqa.selenium.remote.http.W3CHttpResponseCodec.decode(W3CHttpResponseCodec.java:49)\r\n\tat org.openqa.selenium.remote.HttpCommandExecutor.execute(HttpCommandExecutor.java:158)\r\n\tat io.appium.java_client.remote.AppiumCommandExecutor.execute(AppiumCommandExecutor.java:250)\r\n\tat org.openqa.selenium.remote.RemoteWebDriver.execute(RemoteWebDriver.java:552)\r\n\tat io.appium.java_client.DefaultGenericMobileDriver.execute(DefaultGenericMobileDriver.java:41)\r\n\tat io.appium.java_client.AppiumDriver.execute(AppiumDriver.java:1)\r\n\tat io.appium.java_client.android.AndroidDriver.execute(AndroidDriver.java:1)\r\n\tat org.openqa.selenium.remote.RemoteWebDriver.findElement(RemoteWebDriver.java:323)\r\n\tat io.appium.java_client.DefaultGenericMobileDriver.findElement(DefaultGenericMobileDriver.java:61)\r\n\tat io.appium.java_client.AppiumDriver.findElement(AppiumDriver.java:1)\r\n\tat io.appium.java_client.android.AndroidDriver.findElement(AndroidDriver.java:1)\r\n\tat io.appium.java_client.FindsByAccessibilityId.findElementByAccessibilityId(FindsByAccessibilityId.java:37)\r\n\tat pages.android.HomePage.production_btn(HomePage.java:62)\r\n\tat step_defination.Android.HomeSteps.tapsonproduction(HomeSteps.java:65)\r\n\tat ✽.User taps on Production(file:///C:/Users/zubai/OneDrive/Desktop/Appium-demo/src/test/resources/features/app/android/HomePage.feature:13)\r\n"},"stage":"finished","steps":[],"attachments":[],"parameters":[],"start":1736870004783,"stop":1736870034809},{"name":"And  User taps on Save button","status":"skipped","statusDetails":{"known":false,"muted":false,"flaky":false},"stage":"finished","steps":[],"attachments":[],"parameters":[],"start":1736870034810,"stop":1736870034812}],"attachments":[],"parameters":[],"start":1736869977832,"stop":1736870037144}